[2021-06-15T16:17:34.065Z] info token
[2021-06-15T16:17:34.067Z] info eyJhbGciOiJSUzUxMiIsInR5cCI6IkpXVCIsImtpZCI6IjI2MDUyODlhOGQ2N2I0ZmVlZWQ4NSJ9.eyJhenAiOiI1ZGEwYjhiNTJlOGViN2Q1MzI0YjQ4MThhZTA5ZmE3OCIsInNjb3BlIjoib2ZmbGluZV9hY2Nlc3MiLCJleHAiOjE2MjM4NjAyNjQsImlhdCI6MTYyMzc3Mzg2NCwiYXVkIjoiaHR0cHM6Ly9hcGkubGFuc3dlZXBlci5jb20iLCJpc3MiOiJodHRwczovL2lkLmxhbnN3ZWVwZXIuY29tIiwic3ViIjoiYXV0aDB8NjBiZGY5MGU4ZjQxOTgwMDY4MjE2MjJlIn0.HcYCbyFV2kAmWJuUWJTKTF6TLl5p-N_ZwC-OaOfjcfNay3EPZrPiau7axYuxaqSgQuuq-X40ZaA3JNWKCHGnsoh8RW4PTSKNrKQG_XzOWy3TaFzf9JGZSVHoqcDtVZg5lDQWvWufopqYUTbaD-R76WZU2z1rayIHZ-OkrKiBnZuCtodpfTDhbGTYDTt9TPny0-O0v_w3cotzYXOBoF7z-ZrTnVKLpxWyjlzAhvWuP1K5RysEdBR8z3IDFUh96cv-HCMMwX3BYh5yOpOIIsOd06DmshkFPTaVmPLdGjmyYsJK4O7_sSXDvnyQbMs4iZZJUt9mP-e0gUBOTB-l5ytzbRpNrCTmATd4LEVFXVCQq1oXitejNo6EpwcKhevgouUKFxB9WR30HHxfi3MUl_uNoWATCXnV8bnomhful6Xs-2rbTRJAumG2CS9jgAw4q8Cv4JRG_93eLo-mp9XrPXxJpWpi_d36ze7wTbG_ZfIrqfZ_yEjD0VsJV7nyJZFfkkDzIko5IKT-HC6SWHtn4ViLcF73S20jikgdiw2-kEnAL6zF0qv92AG6i2UVYatdaraECtRNI1kLHJf_d1K2RE1f-PWG4m-gaZht75KY6Y-DzOJOS9FKCY944Jj-MGcr5MuARW98i6JntFkM0-kbs9PoAWOBNmeqhBxkBxtTYvJsCU4
[2021-06-15T16:17:34.300Z] info response
[2021-06-15T16:17:34.301Z] info [object Object]
[2021-06-15T16:17:34.301Z] info [object Object]
[2021-06-15T16:17:34.302Z] info [object Object],[object Object]
[2021-06-15T16:17:34.302Z] info 6da03f27-266c-4fad-a373-190168aab403
[2021-06-15T16:19:20.358Z] info ----- results ---------
[2021-06-15T16:19:20.359Z] info 
[2021-06-15T18:08:52.670Z] info [object Object]
[2021-06-15T18:08:52.674Z] info idSite
[2021-06-15T18:08:52.674Z] info 
[2021-06-15T18:08:52.675Z] info ----- getGraphqlAssetsPag Results ---------
[2021-06-15T18:08:52.677Z] info AreNotLoggin
[2021-06-15T18:16:27.078Z] info token
[2021-06-15T18:16:27.081Z] info eyJhbGciOiJSUzUxMiIsInR5cCI6IkpXVCIsImtpZCI6IjI2MDUyODlhOGQ2N2I0ZmVlZWQ4NSJ9.eyJhenAiOiI1ZGEwYjhiNTJlOGViN2Q1MzI0YjQ4MThhZTA5ZmE3OCIsInNjb3BlIjoib2ZmbGluZV9hY2Nlc3MiLCJleHAiOjE2MjM4NjczOTcsImlhdCI6MTYyMzc4MDk5NywiYXVkIjoiaHR0cHM6Ly9hcGkubGFuc3dlZXBlci5jb20iLCJpc3MiOiJodHRwczovL2lkLmxhbnN3ZWVwZXIuY29tIiwic3ViIjoiYXV0aDB8NjBiZGY5MGU4ZjQxOTgwMDY4MjE2MjJlIn0.kEqNPiJ8eXDSb68lH77MQuqk-dPXW-x6X0G1V7E2hVpV68wY9iId5PNWOypDjV3_jg2NTi_KW_rHek-OcZiSLK5Mdmi8-dtzBQLw4OTzjtWMdDlMzntIzoPvcUvb0OQU6umSjELMup8ko-CnnPTOntLnZcFxD391quK1ChfPEF375TsFcbKfnmLYfPk2wkwWs8NjSjYbs_OCMkWMusDM_G2QG4iBOo4s_7Z8tmq1Cev1w8zZ5PXZx6zMfFHvRdFdD-9tEYfdR8QR7Z6yJxti2AM3u2EBdKZdYD28afqtBgc2rDWzwVxxvo5c47bW9cgSIQ8W65niH_Cj154Pt4uqxMyhLmEOlrqSU0MJUiLAi0X3hBQoPS1h0K7chex13TK5ZZeVeeiACG0pHzpYRaMF5EkRkopumOsZJOzeQK5mEpQqcVW4rFg9dBQN3K3jeiTVMx-k3dHq3N1YlGlDlfutdobcsnppI7OJ8xkNocux26Bwqj0wKhmN_SbX8OaZu8NWTDRhvxVO_4q5C5NzFtnz6GPbQXg0IERuH1ulZQM1LGEDv18fSkGodPCAfUCHSRCFgGR_ZrDc1DUwb9U8IZ4kngYlNRLcZbjmTSVWA88MVskiCLgkVkwO8nehoqHEMQYnaxz7igMMcD7Ti7knV2253qKkjRYZMa5zblq6ttEkPTs
[2021-06-15T18:16:27.308Z] info response
[2021-06-15T18:16:27.309Z] info [object Object]
[2021-06-15T18:16:27.310Z] info [object Object]
[2021-06-15T18:16:27.310Z] info [object Object],[object Object]
[2021-06-15T18:16:27.311Z] info 6da03f27-266c-4fad-a373-190168aab403
[2021-06-15T18:17:37.234Z] info token
[2021-06-15T18:17:37.234Z] info eyJhbGciOiJSUzUxMiIsInR5cCI6IkpXVCIsImtpZCI6IjI2MDUyODlhOGQ2N2I0ZmVlZWQ4NSJ9.eyJhenAiOiI1ZGEwYjhiNTJlOGViN2Q1MzI0YjQ4MThhZTA5ZmE3OCIsInNjb3BlIjoib2ZmbGluZV9hY2Nlc3MiLCJleHAiOjE2MjM4Njc0NjcsImlhdCI6MTYyMzc4MTA2NywiYXVkIjoiaHR0cHM6Ly9hcGkubGFuc3dlZXBlci5jb20iLCJpc3MiOiJodHRwczovL2lkLmxhbnN3ZWVwZXIuY29tIiwic3ViIjoiYXV0aDB8NjBiZGY5MGU4ZjQxOTgwMDY4MjE2MjJlIn0.OA5H8ClUS0npojn9IJp-Wiou0alXtY5BSdJNTQNuzR1ATZMRfE1Qy3yVlgZljd_KY3FU7aO4QIa-dW6nk8C4oSTSbLCAqwXw9Sr5WS_QLFX3U5PvxujV1kjjuzADsbEsTuyMulluMzM1hcFW42YmiePjkJd0oO3sRrKh-Xr6eAnGu25sh0MLjGV-wEKMdp6VuUz9HMiOyWRY13_u6a_K3IUXjp5NZOb_waNjbkS2P6OeiK6Y6MgDOklD2kPhvURfKbHWSLJ6ZzVIpLxrxdxipYZ_9bjZTxjfmiug40z-rjxRQBfe3JaAEN586MRjbMHy-w63XsYtt64ti2kgcBDzfmVfTOFXvlqY3autllr6v7L2C6oDdkY2-93l4o7BjDDTOHIiZvPjwppqTLd6e5L3peRT_ZqKbHnNaUZtTyW2OvqLJx2WAci5QdD0EsJDvWwOXA2DbPk1gg8Xdpn3bTUBrAb50YZ63NrfiH20HI4YFH701I7LRkVmFvKaHRonZqwjOIVeqhS0BlB39GsohSJRvGxe8zBMR9DWrg3mei4x521Zx9feEHX0nzNlVnQ1M0O36qR_xudqo4P-DeWRTXpYPe7Opq2d4sy51nuUdSlPLGO1B17USzxh2gWjq9cuJVNsNnQu86vwkc7ClB1UjY24xtp5KQPN47a0D-T6GZ7NwhE
[2021-06-15T18:17:37.405Z] info response
[2021-06-15T18:17:37.406Z] info [object Object]
[2021-06-15T18:17:37.406Z] info [object Object]
[2021-06-15T18:17:37.407Z] info [object Object],[object Object]
[2021-06-15T18:17:37.407Z] info 6da03f27-266c-4fad-a373-190168aab403
[2021-06-15T18:29:11.782Z] info ----queryParams----
[2021-06-15T18:29:11.782Z] info [object Object]
[2021-06-15T18:29:11.782Z] info ---coockies---
[2021-06-15T18:35:17.537Z] info ----- results ---------
[2021-06-15T18:35:17.539Z] info 
[2021-06-15T18:35:17.569Z] info id:0
[2021-06-15T18:35:17.569Z] info 0
[2021-06-15T18:35:17.569Z] info undefined
[2021-06-15T18:35:17.570Z] info ----- results ---------
[2021-06-15T18:35:17.570Z] info undefined
[2021-06-15T18:36:21.990Z] info ----- results ---------
[2021-06-15T18:36:21.992Z] info 
[2021-06-15T18:36:22.021Z] info id:0
[2021-06-15T18:36:22.022Z] info 0
[2021-06-15T18:36:22.022Z] info undefined
[2021-06-15T18:36:22.022Z] info ----- results ---------
[2021-06-15T18:36:22.022Z] info undefined
[2021-06-15T18:37:41.055Z] info ----- results ---------
[2021-06-15T18:37:41.057Z] info 
[2021-06-15T18:37:41.086Z] info id:0
[2021-06-15T18:37:41.086Z] info 0
[2021-06-15T18:37:41.086Z] info undefined
[2021-06-15T18:37:41.086Z] info ----- results ---------
[2021-06-15T18:37:41.087Z] info undefined
[2021-06-15T18:38:20.403Z] info id:0
[2021-06-15T18:38:20.405Z] info 0
[2021-06-15T18:38:20.405Z] info undefined
[2021-06-15T18:38:20.406Z] info ----- results ---------
[2021-06-15T18:38:20.407Z] info undefined
[2021-06-15T18:38:47.732Z] info id:0
[2021-06-15T18:38:47.734Z] info 0
[2021-06-15T18:38:47.734Z] info undefined
[2021-06-15T18:38:47.736Z] info ----- results ---------
[2021-06-15T18:38:47.736Z] info undefined
[2021-06-15T18:40:10.146Z] info token
[2021-06-15T18:40:10.148Z] info eyJhbGciOiJSUzUxMiIsInR5cCI6IkpXVCIsImtpZCI6IjI2MDUyODlhOGQ2N2I0ZmVlZWQ4NSJ9.eyJhenAiOiI1ZGEwYjhiNTJlOGViN2Q1MzI0YjQ4MThhZTA5ZmE3OCIsInNjb3BlIjoib2ZmbGluZV9hY2Nlc3MiLCJleHAiOjE2MjM4Njg4MjAsImlhdCI6MTYyMzc4MjQyMCwiYXVkIjoiaHR0cHM6Ly9hcGkubGFuc3dlZXBlci5jb20iLCJpc3MiOiJodHRwczovL2lkLmxhbnN3ZWVwZXIuY29tIiwic3ViIjoiYXV0aDB8NjBiZGY5MGU4ZjQxOTgwMDY4MjE2MjJlIn0.PEaWDhljbR9RAm5HzveNRd8FsfCDKicBz-ZM3hBo6KsxUFXUBCZvlnzK7jA-jxCuhDEYTTYtowVVQ0mF3Ov6jaxSGUt8K41-SB-s6k_CppRCic8CHIhi7zQfALu1KlbvM_3KES6MO1UVNJxBavYb3WSIEUndpiN9KH_DMNducaXcTZFU-v9e-QIR_9VhJogj5kWWsjCwYj-DmMpimFchYATLlaXGrmGSKPtpYvB4s0dgTQTlthJMrnA184hkHyKLE5SlygE0PJSGIyL4ZZ3giAjuOMO7cfaGMPmSIaRcqhcDqWZWd3y7-00TUv3DlQpJ8FbzSGMIumNpkFTkQSTHORWUCJoXfIuMsZoluJO2dEpT84qiqH11H-PAL2HdpxyEEbNAuSh0c20HO8f3oi38rtF-PoR-xGSzzPlQ2rt7vC2xY1-tkuJd2ATs2JSMbiW1d8NkglABZb05MUxZ9n-wHZopYQ8PATVgg_rhnNJIxhd1ifT_d52lGMVUFDBGbrKpUcBUsosHj1Uq6umFMKpMDC--jr5YapkbELhxGAzkvMrNLT4cTu25gsgdk_X0fUwbo2bOBFVefaA6dS-ZpZ3-XZhMCeHXFNomBtJPlaFkTWcC8Vedn084EEvSuzXrY12oKmmJcF2ifWQjSsZV7R5wHBGxm9_nVPNrE8DaOYzPUPg
[2021-06-15T18:40:10.330Z] info response
[2021-06-15T18:40:10.331Z] info [object Object]
[2021-06-15T18:40:10.331Z] info [object Object]
[2021-06-15T18:40:10.331Z] info [object Object],[object Object]
[2021-06-15T18:40:10.332Z] info 6da03f27-266c-4fad-a373-190168aab403
[2021-06-15T18:40:40.208Z] info ----queryParams----
[2021-06-15T18:40:40.209Z] info [object Object]
[2021-06-15T18:40:40.209Z] info ---coockies---
[2021-06-15T18:41:59.381Z] info ----queryParams----
[2021-06-15T18:41:59.381Z] info [object Object]
[2021-06-15T18:41:59.382Z] info ---coockies---
