Linting:
1. ✘ \src\config\config.ts
2. ✘ \src\models\Asset\Asset.ts
3. ✘ \src\models\Asset\AssetBasicInfo.ts
4. ✘ \src\models\Asset\AssetCustom.ts
5. ✘ \src\models\Asset\ResourceGroup.ts
6. ✘ \src\models\Pagination.ts
7. ✘ \src\models\Software.ts
8. ✘ \src\react-app-env.d.ts
9. ✘ \src\reportWebVitals.ts
10. ✘ \src\services\AssetsService.ts
11. ✘ \src\services\LogginService.ts
12. ✘ \src\services\SoftwareService.ts
13. ✔︎ \src\setupTests.ts

H:\dev\example-docker\test-lansweeper\react-front\src\config\config.ts
   1:34   error    Expected linebreaks to be 'LF' but found 'CRLF'  linebreak-style
   2:1    error    Expected linebreaks to be 'LF' but found 'CRLF'  linebreak-style
   3:17   error    Expected linebreaks to be 'LF' but found 'CRLF'  linebreak-style
   4:10   error    Expected linebreaks to be 'LF' but found 'CRLF'  linebreak-style
   5:32   error    Expected linebreaks to be 'LF' but found 'CRLF'  linebreak-style
   6:21   error    Expected linebreaks to be 'LF' but found 'CRLF'  linebreak-style
   7:49   error    Expected linebreaks to be 'LF' but found 'CRLF'  linebreak-style
   8:11   error    Expected linebreaks to be 'LF' but found 'CRLF'  linebreak-style
   9:15   error    Expected linebreaks to be 'LF' but found 'CRLF'  linebreak-style
  10:43   error    Expected linebreaks to be 'LF' but found 'CRLF'  linebreak-style
  11:11   error    Expected linebreaks to be 'LF' but found 'CRLF'  linebreak-style
  12:11   error    Expected linebreaks to be 'LF' but found 'CRLF'  linebreak-style
  13:49   error    Expected linebreaks to be 'LF' but found 'CRLF'  linebreak-style
  14:2    error    Expected linebreaks to be 'LF' but found 'CRLF'  linebreak-style
  15:1    warning  Unexpected console statement                     no-console
  15:18   error    Expected linebreaks to be 'LF' but found 'CRLF'  linebreak-style
  15:18   error    Missing semicolon                                semi
  16:17   error    Expected property shorthand                      object-shorthand
  16:31   error    Expected linebreaks to be 'LF' but found 'CRLF'  linebreak-style
  17:1    warning  Unexpected console statement                     no-console
  17:25   error    Expected linebreaks to be 'LF' but found 'CRLF'  linebreak-style
  17:25   error    Missing semicolon                                semi
  18:1    error    Expected linebreaks to be 'LF' but found 'CRLF'  linebreak-style
  19:8    error    Expected space(s) after "default"                keyword-spacing
  19:16   error    Expected linebreaks to be 'LF' but found 'CRLF'  linebreak-style
  20:1    error    Expected indentation of 2 spaces but found 4     indent
  20:36   error    Expected linebreaks to be 'LF' but found 'CRLF'  linebreak-style
  21:1    error    Expected indentation of 2 spaces but found 4     indent
  21:52   error    Expected linebreaks to be 'LF' but found 'CRLF'  linebreak-style
  22:1    error    Expected indentation of 2 spaces but found 4     indent
  22:13   error    Missing space before value for key 'nodeUrl'     key-spacing
  22:60   error    Expected linebreaks to be 'LF' but found 'CRLF'  linebreak-style
  23:1    error    Expected indentation of 2 spaces but found 4     indent
  23:76   error    Expected linebreaks to be 'LF' but found 'CRLF'  linebreak-style
  24:1    error    Expected indentation of 2 spaces but found 4     indent
  24:103  error    Expected linebreaks to be 'LF' but found 'CRLF'  linebreak-style
  25:1    error    Expected indentation of 2 spaces but found 4     indent
  25:41   error    Expected linebreaks to be 'LF' but found 'CRLF'  linebreak-style
  25:41   error    Missing trailing comma                           comma-dangle
  26:3    error    Expected linebreaks to be 'LF' but found 'CRLF'  linebreak-style
  27:44   error    Expected linebreaks to be 'LF' but found 'CRLF'  linebreak-style
  28:1    error    Expected indentation of 2 spaces but found 4     indent
  28:5    warning  Unexpected console statement                     no-console
  28:34   error    Expected linebreaks to be 'LF' but found 'CRLF'  linebreak-style
  29:1    error    Expected indentation of 2 spaces but found 4     indent
  29:39   error    Unexpected string concatenation                  prefer-template
  29:39   error    Strings must use singlequote                     quotes
  29:59   error    Strings must use singlequote                     quotes
  29:79   error    Expected linebreaks to be 'LF' but found 'CRLF'  linebreak-style
  30:1    error    Expected indentation of 2 spaces but found 4     indent
  30:33   error    Expected linebreaks to be 'LF' but found 'CRLF'  linebreak-style
  31:3    error    Newline required at end of file but not found    eol-last

H:\dev\example-docker\test-lansweeper\react-front\src\models\Asset\Asset.ts
   1:28  error  Unable to resolve path to module './AssetBasicInfo'  import/no-unresolved
   1:28  error  Missing file extension for "./AssetBasicInfo"        import/extensions
   1:47  error  Expected linebreaks to be 'LF' but found 'CRLF'      linebreak-style
   2:25  error  Unable to resolve path to module './AssetCustom'     import/no-unresolved
   2:25  error  Missing file extension for "./AssetCustom"           import/extensions
   2:41  error  Expected linebreaks to be 'LF' but found 'CRLF'      linebreak-style
   3:27  error  Unable to resolve path to module './ResourceGroup'   import/no-unresolved
   3:27  error  Missing file extension for "./ResourceGroup"         import/extensions
   3:45  error  Expected linebreaks to be 'LF' but found 'CRLF'      linebreak-style
   4:1   error  Expected linebreaks to be 'LF' but found 'CRLF'      linebreak-style
   5:33  error  Expected linebreaks to be 'LF' but found 'CRLF'      linebreak-style
   6:17  error  Expected linebreaks to be 'LF' but found 'CRLF'      linebreak-style
   7:17  error  Expected linebreaks to be 'LF' but found 'CRLF'      linebreak-style
   8:37  error  Expected linebreaks to be 'LF' but found 'CRLF'      linebreak-style
   9:31  error  Expected linebreaks to be 'LF' but found 'CRLF'      linebreak-style
  10:35  error  Expected linebreaks to be 'LF' but found 'CRLF'      linebreak-style
  11:2   error  Missing semicolon                                    semi
  11:2   error  Unnecessary semicolon                                no-extra-semi
  11:3   error  Newline required at end of file but not found        eol-last

H:\dev\example-docker\test-lansweeper\react-front\src\models\Asset\AssetBasicInfo.ts
  1:42  error  Expected linebreaks to be 'LF' but found 'CRLF'  linebreak-style
  2:18  error  Expected linebreaks to be 'LF' but found 'CRLF'  linebreak-style
  3:19  error  Expected linebreaks to be 'LF' but found 'CRLF'  linebreak-style
  4:2   error  Missing semicolon                                semi
  4:2   error  Unnecessary semicolon                            no-extra-semi
  4:3   error  Newline required at end of file but not found    eol-last

H:\dev\example-docker\test-lansweeper\react-front\src\models\Asset\AssetCustom.ts
  1:39  error  Expected linebreaks to be 'LF' but found 'CRLF'  linebreak-style
  2:20  error  Expected linebreaks to be 'LF' but found 'CRLF'  linebreak-style
  3:27  error  Expected linebreaks to be 'LF' but found 'CRLF'  linebreak-style
  4:2   error  Missing semicolon                                semi
  4:2   error  Unnecessary semicolon                            no-extra-semi
  4:3   error  Newline required at end of file but not found    eol-last

H:\dev\example-docker\test-lansweeper\react-front\src\models\Asset\ResourceGroup.ts
  1:41  error  Expected linebreaks to be 'LF' but found 'CRLF'  linebreak-style
  2:23  error  Expected linebreaks to be 'LF' but found 'CRLF'  linebreak-style
  3:2   error  Missing semicolon                                semi
  3:2   error  Unnecessary semicolon                            no-extra-semi
  3:3   error  Newline required at end of file but not found    eol-last

H:\dev\example-docker\test-lansweeper\react-front\src\models\Pagination.ts
   1:38  error  Expected linebreaks to be 'LF' but found 'CRLF'  linebreak-style
   2:18  error  Expected linebreaks to be 'LF' but found 'CRLF'  linebreak-style
   3:21  error  Expected linebreaks to be 'LF' but found 'CRLF'  linebreak-style
   4:19  error  Expected linebreaks to be 'LF' but found 'CRLF'  linebreak-style
   5:23  error  Expected linebreaks to be 'LF' but found 'CRLF'  linebreak-style
   6:22  error  Expected linebreaks to be 'LF' but found 'CRLF'  linebreak-style
   7:23  error  Expected linebreaks to be 'LF' but found 'CRLF'  linebreak-style
   8:20  error  Expected linebreaks to be 'LF' but found 'CRLF'  linebreak-style
   9:25  error  Expected linebreaks to be 'LF' but found 'CRLF'  linebreak-style
  10:2   error  Missing semicolon                                semi
  10:2   error  Unnecessary semicolon                            no-extra-semi
  10:3   error  Newline required at end of file but not found    eol-last

H:\dev\example-docker\test-lansweeper\react-front\src\models\Software.ts
  1:1   error  Expected linebreaks to be 'LF' but found 'CRLF'                  linebreak-style
  1:1   error  Too many blank lines at the beginning of file. Max of 0 allowed  no-multiple-empty-lines
  2:36  error  Expected linebreaks to be 'LF' but found 'CRLF'                  linebreak-style
  3:24  error  Expected linebreaks to be 'LF' but found 'CRLF'                  linebreak-style
  4:24  error  Expected linebreaks to be 'LF' but found 'CRLF'                  linebreak-style
  5:18  error  Expected linebreaks to be 'LF' but found 'CRLF'                  linebreak-style
  6:24  error  Expected linebreaks to be 'LF' but found 'CRLF'                  linebreak-style
  7:22  error  Expected linebreaks to be 'LF' but found 'CRLF'                  linebreak-style
  8:30  error  Expected linebreaks to be 'LF' but found 'CRLF'                  linebreak-style
  9:2   error  Missing semicolon                                                semi
  9:2   error  Unnecessary semicolon                                            no-extra-semi
  9:3   error  Newline required at end of file but not found                    eol-last

H:\dev\example-docker\test-lansweeper\react-front\src\react-app-env.d.ts
  1:40  error  Expected linebreaks to be 'LF' but found 'CRLF'  linebreak-style

H:\dev\example-docker\test-lansweeper\react-front\src\reportWebVitals.ts
  5:32  error  Expected a line break after this opening brace   object-curly-newline
  5:74  error  Expected a line break before this closing brace  object-curly-newline

H:\dev\example-docker\test-lansweeper\react-front\src\services\AssetsService.ts
   1:27  error    Expected linebreaks to be 'LF' but found 'CRLF'               linebreak-style
   2:1   error    Expected linebreaks to be 'LF' but found 'CRLF'               linebreak-style
   3:20  error    Unable to resolve path to module '../config/config'           import/no-unresolved
   3:20  error    Missing file extension for "../config/config"                 import/extensions
   3:39  error    Expected linebreaks to be 'LF' but found 'CRLF'               linebreak-style
   4:24  error    Unable to resolve path to module '../models/Pagination'       import/no-unresolved
   4:24  error    Missing file extension for "../models/Pagination"             import/extensions
   4:47  error    Expected linebreaks to be 'LF' but found 'CRLF'               linebreak-style
   5:1   error    Expected linebreaks to be 'LF' but found 'CRLF'               linebreak-style
   6:40  error    Expected linebreaks to be 'LF' but found 'CRLF'               linebreak-style
   7:1   error    Expected indentation of 2 spaces but found 4                  indent
   7:18  error    Expected linebreaks to be 'LF' but found 'CRLF'               linebreak-style
   8:1   error    Expected indentation of 2 spaces but found 4                  indent
   8:10  error    Expected linebreaks to be 'LF' but found 'CRLF'               linebreak-style
   9:1   error    Expected indentation of 4 spaces but found 8                  indent
   9:59  error    Expected linebreaks to be 'LF' but found 'CRLF'               linebreak-style
  10:1   error    Expected indentation of 2 spaces but found 4                  indent
  10:7   error    Expected space(s) after "catch"                               keyword-spacing
  10:21  error    Expected linebreaks to be 'LF' but found 'CRLF'               linebreak-style
  11:1   error    Expected indentation of 4 spaces but found 8                  indent
  11:9   warning  Unexpected console statement                                  no-console
  11:30  error    Expected linebreaks to be 'LF' but found 'CRLF'               linebreak-style
  12:1   error    Expected indentation of 2 spaces but found 4                  indent
  12:6   error    Expected linebreaks to be 'LF' but found 'CRLF'               linebreak-style
  13:1   error    Expected indentation of 2 spaces but found 4                  indent
  13:22  error    Expected linebreaks to be 'LF' but found 'CRLF'               linebreak-style
  14:3   error    Expected linebreaks to be 'LF' but found 'CRLF'               linebreak-style
  15:1   error    Expected linebreaks to be 'LF' but found 'CRLF'               linebreak-style
  16:76  error    Expected linebreaks to be 'LF' but found 'CRLF'               linebreak-style
  17:1   error    Expected indentation of 2 spaces but found 4                  indent
  17:18  error    Expected linebreaks to be 'LF' but found 'CRLF'               linebreak-style
  18:1   error    Expected indentation of 2 spaces but found 4                  indent
  18:5   error    Expected exception block, space or tab after '//' in comment  spaced-comment
  18:24  error    Expected linebreaks to be 'LF' but found 'CRLF'               linebreak-style
  19:1   error    Expected indentation of 2 spaces but found 4                  indent
  19:10  error    Expected linebreaks to be 'LF' but found 'CRLF'               linebreak-style
  20:1   error    Expected indentation of 4 spaces but found 8                  indent
  20:9   error    Expected exception block, space or tab after '//' in comment  spaced-comment
  20:70  error    Expected linebreaks to be 'LF' but found 'CRLF'               linebreak-style
  21:1   error    Expected indentation of 4 spaces but found 8                  indent
  21:67  error    Expected linebreaks to be 'LF' but found 'CRLF'               linebreak-style
  22:1   error    Expected indentation of 6 spaces but found 8                  indent
  22:27  error    Expected linebreaks to be 'LF' but found 'CRLF'               linebreak-style
  22:27  error    Missing trailing comma                                        comma-dangle
  23:1   error    Expected indentation of 4 spaces but found 6                  indent
  23:10  error    Expected linebreaks to be 'LF' but found 'CRLF'               linebreak-style
  24:1   error    Expected indentation of 2 spaces but found 4                  indent
  24:22  error    Expected linebreaks to be 'LF' but found 'CRLF'               linebreak-style
  25:1   error    Expected indentation of 4 spaces but found 8                  indent
  25:9   warning  Unexpected console statement                                  no-console
  25:30  error    Expected linebreaks to be 'LF' but found 'CRLF'               linebreak-style
  26:1   error    Expected indentation of 2 spaces but found 4                  indent
  26:6   error    Expected linebreaks to be 'LF' but found 'CRLF'               linebreak-style
  27:1   error    Expected indentation of 2 spaces but found 4                  indent
  27:11  error    Multiple spaces found before 'res'                            no-multi-spaces
  27:23  error    Expected linebreaks to be 'LF' but found 'CRLF'               linebreak-style
  28:3   error    Expected linebreaks to be 'LF' but found 'CRLF'               linebreak-style
  29:1   error    Expected linebreaks to be 'LF' but found 'CRLF'               linebreak-style
  30:72  error    Expected linebreaks to be 'LF' but found 'CRLF'               linebreak-style
  31:1   error    Expected indentation of 2 spaces but found 4                  indent
  31:18  error    Expected linebreaks to be 'LF' but found 'CRLF'               linebreak-style
  32:1   error    Expected indentation of 2 spaces but found 4                  indent
  32:10  error    Expected linebreaks to be 'LF' but found 'CRLF'               linebreak-style
  33:1   error    Expected indentation of 4 spaces but found 8                  indent
  33:57  error    A space is required after ','                                 comma-spacing
  33:59  error    Expected linebreaks to be 'LF' but found 'CRLF'               linebreak-style
  34:1   error    Expected indentation of 6 spaces but found 8                  indent
  34:27  error    Expected linebreaks to be 'LF' but found 'CRLF'               linebreak-style
  34:27  error    Missing trailing comma                                        comma-dangle
  35:1   error    Expected indentation of 4 spaces but found 6                  indent
  35:10  error    Expected linebreaks to be 'LF' but found 'CRLF'               linebreak-style
  36:1   error    Expected indentation of 2 spaces but found 4                  indent
  36:22  error    Expected linebreaks to be 'LF' but found 'CRLF'               linebreak-style
  37:1   error    Expected indentation of 4 spaces but found 8                  indent
  37:9   warning  Unexpected console statement                                  no-console
  37:30  error    Expected linebreaks to be 'LF' but found 'CRLF'               linebreak-style
  38:1   error    Expected indentation of 2 spaces but found 4                  indent
  38:6   error    Expected linebreaks to be 'LF' but found 'CRLF'               linebreak-style
  39:1   error    Expected indentation of 2 spaces but found 4                  indent
  39:11  error    Multiple spaces found before 'res'                            no-multi-spaces
  39:23  error    Expected linebreaks to be 'LF' but found 'CRLF'               linebreak-style
  40:3   error    Expected linebreaks to be 'LF' but found 'CRLF'               linebreak-style
  41:1   error    Expected linebreaks to be 'LF' but found 'CRLF'               linebreak-style
  42:43  error    Missing space before =>                                       arrow-spacing
  42:48  error    Expected linebreaks to be 'LF' but found 'CRLF'               linebreak-style
  43:1   error    Expected indentation of 2 spaces but found 4                  indent
  43:18  error    Expected linebreaks to be 'LF' but found 'CRLF'               linebreak-style
  44:1   error    Expected indentation of 2 spaces but found 4                  indent
  44:10  error    Expected linebreaks to be 'LF' but found 'CRLF'               linebreak-style
  45:1   error    Expected indentation of 4 spaces but found 8                  indent
  45:65  error    Expected linebreaks to be 'LF' but found 'CRLF'               linebreak-style
  46:1   error    Expected indentation of 4 spaces but found 8                  indent
  46:9   warning  Unexpected console statement                                  no-console
  46:26  error    Expected linebreaks to be 'LF' but found 'CRLF'               linebreak-style
  47:1   error    Expected indentation of 2 spaces but found 4                  indent
  47:22  error    Expected linebreaks to be 'LF' but found 'CRLF'               linebreak-style
  48:1   error    Expected indentation of 4 spaces but found 8                  indent
  48:9   warning  Unexpected console statement                                  no-console
  48:30  error    Expected linebreaks to be 'LF' but found 'CRLF'               linebreak-style
  49:1   error    Expected indentation of 2 spaces but found 4                  indent
  49:6   error    Expected linebreaks to be 'LF' but found 'CRLF'               linebreak-style
  50:1   error    Expected indentation of 2 spaces but found 4                  indent
  50:22  error    Expected linebreaks to be 'LF' but found 'CRLF'               linebreak-style
  51:3   error    Newline required at end of file but not found                 eol-last

H:\dev\example-docker\test-lansweeper\react-front\src\services\LogginService.ts
   1:27  error    Expected linebreaks to be 'LF' but found 'CRLF'            linebreak-style
   2:1   error    Expected linebreaks to be 'LF' but found 'CRLF'            linebreak-style
   3:20  error    Unable to resolve path to module '../config/config'        import/no-unresolved
   3:20  error    Missing file extension for "../config/config"              import/extensions
   3:39  error    Expected linebreaks to be 'LF' but found 'CRLF'            linebreak-style
   4:1   error    Expected linebreaks to be 'LF' but found 'CRLF'            linebreak-style
   5:22  error    Multiple spaces found before 'async'                       no-multi-spaces
   5:31  error    Missing space before =>                                    arrow-spacing
   5:36  error    Expected linebreaks to be 'LF' but found 'CRLF'            linebreak-style
   6:1   error    Expected indentation of 2 spaces but found 4               indent
   6:5   warning  Unexpected console statement                               no-console
   6:27  error    Expected linebreaks to be 'LF' but found 'CRLF'            linebreak-style
   7:1   error    Expected indentation of 2 spaces but found 4               indent
   7:17  error    Expected linebreaks to be 'LF' but found 'CRLF'            linebreak-style
   8:1   error    Expected indentation of 2 spaces but found 4               indent
   8:10  error    Expected linebreaks to be 'LF' but found 'CRLF'            linebreak-style
   9:1   error    Expected indentation of 4 spaces but found 8               indent
   9:31  error    Unexpected string concatenation                            prefer-template
   9:62  error    Expected linebreaks to be 'LF' but found 'CRLF'            linebreak-style
  10:1   error    Expected indentation of 6 spaces but found 12              indent
  10:22  error    A space is required after '{'                              object-curly-spacing
  10:57  error    A space is required before '}'                             object-curly-spacing
  10:58  error    Expected linebreaks to be 'LF' but found 'CRLF'            linebreak-style
  10:58  error    Missing trailing comma                                     comma-dangle
  11:1   error    Expected indentation of 4 spaces but found 8               indent
  11:12  error    Expected linebreaks to be 'LF' but found 'CRLF'            linebreak-style
  12:1   error    Expected indentation of 2 spaces but found 4               indent
  12:22  error    Expected linebreaks to be 'LF' but found 'CRLF'            linebreak-style
  13:1   error    Expected indentation of 4 spaces but found 8               indent
  13:9   warning  Unexpected console statement                               no-console
  13:30  error    Expected linebreaks to be 'LF' but found 'CRLF'            linebreak-style
  14:1   error    Expected indentation of 2 spaces but found 4               indent
  14:6   error    Expected linebreaks to be 'LF' but found 'CRLF'            linebreak-style
  15:1   error    Expected indentation of 2 spaces but found 4               indent
  15:5   warning  Unexpected console statement                               no-console
  15:22  error    Expected linebreaks to be 'LF' but found 'CRLF'            linebreak-style
  16:1   error    Expected indentation of 2 spaces but found 4               indent
  16:21  error    Expected linebreaks to be 'LF' but found 'CRLF'            linebreak-style
  17:3   error    Expected linebreaks to be 'LF' but found 'CRLF'            linebreak-style
  18:1   error    Expected linebreaks to be 'LF' but found 'CRLF'            linebreak-style
  19:24  error    Multiple spaces found before 'async'                       no-multi-spaces
  19:44  error    Missing space before =>                                    arrow-spacing
  19:49  error    Expected linebreaks to be 'LF' but found 'CRLF'            linebreak-style
  20:1   error    Expected indentation of 2 spaces but found 4               indent
  20:5   warning  Unexpected console statement                               no-console
  20:27  error    Expected linebreaks to be 'LF' but found 'CRLF'            linebreak-style
  21:1   error    Expected indentation of 2 spaces but found 4               indent
  21:17  error    Expected linebreaks to be 'LF' but found 'CRLF'            linebreak-style
  22:1   error    Expected indentation of 2 spaces but found 4               indent
  22:10  error    Expected linebreaks to be 'LF' but found 'CRLF'            linebreak-style
  23:1   error    Expected indentation of 4 spaces but found 8               indent
  23:31  error    Unexpected string concatenation                            prefer-template
  23:66  error    Expected linebreaks to be 'LF' but found 'CRLF'            linebreak-style
  24:1   error    Expected indentation of 6 spaces but found 12              indent
  24:23  error    Expected property shorthand                                object-shorthand
  24:36  error    Expected linebreaks to be 'LF' but found 'CRLF'            linebreak-style
  25:1   error    Expected indentation of 6 spaces but found 12              indent
  25:22  error    A space is required after '{'                              object-curly-spacing
  25:57  error    A space is required before '}'                             object-curly-spacing
  25:58  error    Expected linebreaks to be 'LF' but found 'CRLF'            linebreak-style
  25:58  error    Missing trailing comma                                     comma-dangle
  26:1   error    Expected indentation of 4 spaces but found 8               indent
  26:12  error    Expected linebreaks to be 'LF' but found 'CRLF'            linebreak-style
  27:1   error    Expected indentation of 2 spaces but found 4               indent
  27:22  error    Expected linebreaks to be 'LF' but found 'CRLF'            linebreak-style
  28:1   error    Expected indentation of 4 spaces but found 8               indent
  28:9   warning  Unexpected console statement                               no-console
  28:30  error    Expected linebreaks to be 'LF' but found 'CRLF'            linebreak-style
  29:1   error    Expected indentation of 2 spaces but found 4               indent
  29:6   error    Expected linebreaks to be 'LF' but found 'CRLF'            linebreak-style
  30:1   error    Expected indentation of 2 spaces but found 4               indent
  30:5   warning  Unexpected console statement                               no-console
  30:22  error    Expected linebreaks to be 'LF' but found 'CRLF'            linebreak-style
  31:1   error    Expected indentation of 2 spaces but found 4               indent
  31:21  error    Expected linebreaks to be 'LF' but found 'CRLF'            linebreak-style
  32:3   error    Expected linebreaks to be 'LF' but found 'CRLF'            linebreak-style
  33:1   error    Expected linebreaks to be 'LF' but found 'CRLF'            linebreak-style
  33:1   error    Too many blank lines at the end of file. Max of 0 allowed  no-multiple-empty-lines

H:\dev\example-docker\test-lansweeper\react-front\src\services\SoftwareService.ts
   1:27  error    Expected linebreaks to be 'LF' but found 'CRLF'          linebreak-style
   2:1   error    Expected linebreaks to be 'LF' but found 'CRLF'          linebreak-style
   3:20  error    Unable to resolve path to module '../config/config'      import/no-unresolved
   3:20  error    Missing file extension for "../config/config"            import/extensions
   3:39  error    Expected linebreaks to be 'LF' but found 'CRLF'          linebreak-style
   4:24  error    Unable to resolve path to module '../models/Pagination'  import/no-unresolved
   4:24  error    Missing file extension for "../models/Pagination"        import/extensions
   4:47  error    Expected linebreaks to be 'LF' but found 'CRLF'          linebreak-style
   5:1   error    Expected linebreaks to be 'LF' but found 'CRLF'          linebreak-style
   6:91  error    Expected linebreaks to be 'LF' but found 'CRLF'          linebreak-style
   7:1   error    Expected indentation of 2 spaces but found 4             indent
   7:18  error    Expected linebreaks to be 'LF' but found 'CRLF'          linebreak-style
   8:1   error    Expected indentation of 2 spaces but found 4             indent
   8:10  error    Expected linebreaks to be 'LF' but found 'CRLF'          linebreak-style
   9:1   error    Expected indentation of 4 spaces but found 8             indent
   9:73  error    A space is required after ','                            comma-spacing
   9:75  error    Expected linebreaks to be 'LF' but found 'CRLF'          linebreak-style
  10:1   error    Expected indentation of 6 spaces but found 8             indent
  10:27  error    Expected linebreaks to be 'LF' but found 'CRLF'          linebreak-style
  10:27  error    Missing trailing comma                                   comma-dangle
  11:1   error    Expected indentation of 4 spaces but found 6             indent
  11:10  error    Expected linebreaks to be 'LF' but found 'CRLF'          linebreak-style
  12:1   error    Expected indentation of 2 spaces but found 4             indent
  12:7   error    Expected space(s) after "catch"                          keyword-spacing
  12:21  error    Expected linebreaks to be 'LF' but found 'CRLF'          linebreak-style
  13:1   error    Expected indentation of 4 spaces but found 8             indent
  13:9   warning  Unexpected console statement                             no-console
  13:30  error    Expected linebreaks to be 'LF' but found 'CRLF'          linebreak-style
  14:1   error    Expected indentation of 2 spaces but found 4             indent
  14:6   error    Expected linebreaks to be 'LF' but found 'CRLF'          linebreak-style
  15:1   error    Expected indentation of 2 spaces but found 4             indent
  15:11  error    Multiple spaces found before 'res'                       no-multi-spaces
  15:23  error    Expected linebreaks to be 'LF' but found 'CRLF'          linebreak-style
  16:3   error    Expected linebreaks to be 'LF' but found 'CRLF'          linebreak-style
  17:1   error    Expected linebreaks to be 'LF' but found 'CRLF'          linebreak-style
  18:57  error    Expected linebreaks to be 'LF' but found 'CRLF'          linebreak-style
  19:1   error    Expected indentation of 2 spaces but found 4             indent
  19:18  error    Expected linebreaks to be 'LF' but found 'CRLF'          linebreak-style
  20:1   error    Expected indentation of 2 spaces but found 4             indent
  20:10  error    Expected linebreaks to be 'LF' but found 'CRLF'          linebreak-style
  21:1   error    Expected indentation of 4 spaces but found 8             indent
  21:72  error    Expected linebreaks to be 'LF' but found 'CRLF'          linebreak-style
  22:1   error    Expected indentation of 2 spaces but found 4             indent
  22:7   error    Expected space(s) after "catch"                          keyword-spacing
  22:21  error    Expected linebreaks to be 'LF' but found 'CRLF'          linebreak-style
  23:1   error    Expected indentation of 4 spaces but found 8             indent
  23:9   warning  Unexpected console statement                             no-console
  23:30  error    Expected linebreaks to be 'LF' but found 'CRLF'          linebreak-style
  24:1   error    Expected indentation of 2 spaces but found 4             indent
  24:6   error    Expected linebreaks to be 'LF' but found 'CRLF'          linebreak-style
  25:1   error    Expected indentation of 2 spaces but found 4             indent
  25:11  error    Multiple spaces found before 'res'                       no-multi-spaces
  25:23  error    Expected linebreaks to be 'LF' but found 'CRLF'          linebreak-style
  26:3   error    Newline required at end of file but not found            eol-last

✖ 351 problems (335 errors, 16 warnings)
  319 errors and 0 warnings potentially fixable with the `--fix` option.


13 files linted.
